electron/build/intermediates/manifest_merge_blame_file/debug/manifest-merger-blame-debug-report.txt
1<?xml version="1.0" encoding="utf-8"?>
2<manifest xmlns:android="http://schemas.android.com/apk/res/android"
3    package="com.dp.electronic_scale"
4    android:versionCode="1"
5    android:versionName="1.0" >
6
7    <uses-sdk
7-->src\main\AndroidManifest.xml:13:5-15:41
8        android:minSdkVersion="15"
8-->src\main\AndroidManifest.xml:14:9-35
9        android:targetSdkVersion="21" />
9-->src\main\AndroidManifest.xml:15:9-38
10
11    <!-- 往sdcard中写入数据的权限 -->
12    <uses-permission android:name="android.permission.WRITE_EXTERNAL_STORAGE" />
12-->src\main\AndroidManifest.xml:9:5-81
12-->src\main\AndroidManifest.xml:9:22-78
13    <!-- 在sdcard中创建/删除文件的权限 -->
14    <uses-permission android:name="android.permission.MOUNT_UNMOUNT_FILESYSTEMS" />
14-->src\main\AndroidManifest.xml:11:5-83
14-->src\main\AndroidManifest.xml:11:22-81
15
16    <application
16-->src\main\AndroidManifest.xml:17:5-32:19
17        android:allowBackup="true"
17-->src\main\AndroidManifest.xml:18:9-35
18        android:debuggable="true"
19        android:icon="@drawable/ic_launcher"
19-->src\main\AndroidManifest.xml:19:9-45
20        android:label="@string/app_name"
20-->src\main\AndroidManifest.xml:20:9-41
21        android:testOnly="true"
22        android:theme="@style/AppTheme" >
22-->src\main\AndroidManifest.xml:21:9-40
23        <activity
23-->src\main\AndroidManifest.xml:22:9-31:20
24            android:name="com.dp.electronic_scale.MainActivity"
24-->src\main\AndroidManifest.xml:23:13-41
25            android:label="@string/app_name"
25-->src\main\AndroidManifest.xml:25:13-45
26            android:windowSoftInputMode="stateHidden|stateAlwaysHidden" >
26-->src\main\AndroidManifest.xml:24:13-72
27            <intent-filter>
27-->src\main\AndroidManifest.xml:26:13-30:29
28                <action android:name="android.intent.action.MAIN" />
28-->src\main\AndroidManifest.xml:27:17-69
28-->src\main\AndroidManifest.xml:27:25-66
29
30                <category android:name="android.intent.category.LAUNCHER" />
30-->src\main\AndroidManifest.xml:29:17-77
30-->src\main\AndroidManifest.xml:29:27-74
31            </intent-filter>
32        </activity>
33    </application>
34
35</manifest>